<?xml version="1.0" encoding="UTF-8"?>
<testng-results skipped="0" failed="0" ignored="0" total="1" passed="1">
  <reporter-output>
  </reporter-output>
  <suite name="smoketest" duration-ms="16" started-at="2019-09-01T20:59:13Z" finished-at="2019-09-01T20:59:13Z">
    <groups>
    </groups>
    <test name="backend" duration-ms="16" started-at="2019-09-01T20:59:13Z" finished-at="2019-09-01T20:59:13Z">
      <class name="com.bit.ui.test.SmokeTest">
        <test-method status="PASS" signature="beforeSuite()[pri:0, instance:com.bit.ui.test.SmokeTest@6b57696f]" name="beforeSuite" is-config="true" duration-ms="16" started-at="2019-09-01T20:59:13Z" finished-at="2019-09-01T20:59:13Z">
          <reporter-output>
          </reporter-output>
        </test-method> <!-- beforeSuite -->
        <test-method status="PASS" signature="beforeTest()[pri:0, instance:com.bit.ui.test.SmokeTest@6b57696f]" name="beforeTest" is-config="true" duration-ms="0" started-at="2019-09-01T20:59:13Z" finished-at="2019-09-01T20:59:13Z">
          <reporter-output>
          </reporter-output>
        </test-method> <!-- beforeTest -->
        <test-method status="PASS" signature="beforeClass()[pri:0, instance:com.bit.ui.test.SmokeTest@6b57696f]" name="beforeClass" is-config="true" duration-ms="0" started-at="2019-09-01T20:59:13Z" finished-at="2019-09-01T20:59:13Z">
          <reporter-output>
          </reporter-output>
        </test-method> <!-- beforeClass -->
        <test-method status="PASS" signature="beforeMethod()[pri:0, instance:com.bit.ui.test.SmokeTest@6b57696f]" name="beforeMethod" is-config="true" duration-ms="0" started-at="2019-09-01T20:59:13Z" finished-at="2019-09-01T20:59:13Z">
          <reporter-output>
          </reporter-output>
        </test-method> <!-- beforeMethod -->
        <test-method status="PASS" signature="afterTest()[pri:0, instance:com.bit.ui.test.SmokeTest@6b57696f]" name="afterTest" is-config="true" duration-ms="0" started-at="2019-09-01T20:59:13Z" finished-at="2019-09-01T20:59:13Z">
          <reporter-output>
          </reporter-output>
        </test-method> <!-- afterTest -->
        <test-method status="PASS" signature="test1()[pri:0, instance:com.bit.ui.test.SmokeTest@6b57696f]" name="test1" duration-ms="0" started-at="2019-09-01T20:59:13Z" finished-at="2019-09-01T20:59:13Z">
          <reporter-output>
          </reporter-output>
        </test-method> <!-- test1 -->
        <test-method status="PASS" signature="afterMethod()[pri:0, instance:com.bit.ui.test.SmokeTest@6b57696f]" name="afterMethod" is-config="true" duration-ms="0" started-at="2019-09-01T20:59:13Z" finished-at="2019-09-01T20:59:13Z">
          <reporter-output>
          </reporter-output>
        </test-method> <!-- afterMethod -->
        <test-method status="PASS" signature="afterClass()[pri:0, instance:com.bit.ui.test.SmokeTest@6b57696f]" name="afterClass" is-config="true" duration-ms="0" started-at="2019-09-01T20:59:13Z" finished-at="2019-09-01T20:59:13Z">
          <reporter-output>
          </reporter-output>
        </test-method> <!-- afterClass -->
        <test-method status="PASS" signature="afterSuite()[pri:0, instance:com.bit.ui.test.SmokeTest@6b57696f]" name="afterSuite" is-config="true" duration-ms="0" started-at="2019-09-01T20:59:13Z" finished-at="2019-09-01T20:59:13Z">
          <reporter-output>
          </reporter-output>
        </test-method> <!-- afterSuite -->
      </class> <!-- com.bit.ui.test.SmokeTest -->
    </test> <!-- backend -->
  </suite> <!-- smoketest -->
</testng-results>
